2020/02/27 11:15:05 DB Connect Start
2020/02/27 11:15:05 DB Connect finished

[35m(/root/go/src/github.com/filmer/Func/grounds.go:23)[0m 
[33m[2020-02-27 11:15:05][0m  [36;1m[0.49ms][0m   select count(*) as countsum from user_review ;  
[36;31m[1 rows affected or returned ][0m 

[35m(/root/go/src/github.com/filmer/Func/grounds.go:29)[0m 
[33m[2020-02-27 11:15:05][0m  [36;1m[0.25ms][0m   select max(review_id) as review_id from user_review ;  
[36;31m[1 rows affected or returned ][0m 
2020/02/27 11:15:05 -4 {0} {0}
[GIN-debug] [WARNING] Now Gin requires Go 1.11 or later and Go 1.12 will be required soon.

[GIN-debug] [WARNING] Creating an Engine instance with the Logger and Recovery middleware already attached.

[GIN-debug] [WARNING] Running in "debug" mode. Switch to "release" mode in production.
 - using env:	export GIN_MODE=release
 - using code:	gin.SetMode(gin.ReleaseMode)

[GIN-debug] POST   /api/v1/review            --> github.com/filmer/Handler.Review (3 handlers)
[GIN-debug] GET    /api/v1/grounds           --> github.com/filmer/Handler.Grounds (3 handlers)
[GIN-debug] GET    /api/v1/grounds/:user_id  --> github.com/filmer/Handler.GroundsID (3 handlers)
[GIN-debug] GET    /api/v1/reviews/:review_id --> github.com/filmer/Handler.GetReview (3 handlers)
[GIN-debug] DELETE /api/v1/reviews/:review_id --> github.com/filmer/Handler.DeleteReview (3 handlers)
[GIN-debug] PUT    /api/v1/reviews/:review_id --> github.com/filmer/Handler.ChangeReviewLike (3 handlers)
[GIN-debug] PATCH  /api/v1/reviews/:review_id --> github.com/filmer/Handler.NewCollection (3 handlers)
[GIN-debug] POST   /api/v1/reviews/:review_id/comment --> github.com/filmer/Handler.NewComment (3 handlers)
[GIN-debug] PUT    /api/v1/review/comments/:comment_id --> github.com/filmer/Handler.NewCommentLike (3 handlers)
[GIN-debug] DELETE /api/v1/review/comments/:comment_id --> github.com/filmer/Handler.DeleteComment (3 handlers)
[GIN-debug] POST   /api/v1/searcher/results  --> github.com/filmer/SearchApi.Searcher (3 handlers)
[GIN-debug] POST   /api/v1/searcher/tags     --> github.com/filmer/SearchApi.ReturnSearch (3 handlers)
[GIN-debug] POST   /api/v1/createuser        --> github.com/filmer/Handler.CreateUser (3 handlers)
[GIN-debug] POST   /api/v1/login             --> github.com/filmer/Handler.Login (3 handlers)
[GIN-debug] GET    /api/v1/people/:user_id   --> github.com/filmer/Handler.PeopleInfo (3 handlers)
[GIN-debug] PUT    /api/v1/people/:user_id   --> github.com/filmer/Handler.UpdatePeopleInfo (3 handlers)
[GIN-debug] PATCH  /api/v1/people/:user_id   --> github.com/filmer/Handler.Follow (3 handlers)
[GIN-debug] GET    /api/v1/people/:user_id/myreviews --> github.com/filmer/Handler.MyReviews (3 handlers)
[GIN-debug] POST   /api/v1/people/:user_id/albums --> github.com/filmer/Handler.CreateAlbum (3 handlers)
[GIN-debug] GET    /api/v1/people/:user_id/albums --> github.com/filmer/Handler.Albums (3 handlers)
[GIN-debug] PUT    /api/v1/people/:user_id/albums --> github.com/filmer/Handler.DeleteAlbums (3 handlers)
[GIN-debug] GET    /api/v1/people/:user_id/albums/:album_id --> github.com/filmer/Handler.TheAlbum (3 handlers)
[GIN-debug] POST   /api/v1/people/:user_id/albums/:album_id --> github.com/filmer/Handler.AddReviews (3 handlers)
[GIN-debug] PUT    /api/v1/people/:user_id/albums/:album_id --> github.com/filmer/Handler.RemoveReviews (3 handlers)
[GIN-debug] GET    /api/v1/people/:user_id/collection --> github.com/filmer/Handler.Collection (3 handlers)
[GIN-debug] Listening and serving HTTP on :9091
